<?xml version="1.0" encoding="UTF-8"?>
<testng-results skipped="0" failed="1" ignored="0" total="1" passed="0">
  <reporter-output>
    <line>
      <![CDATA[Chrome Browser Successfully Open]]>
    </line>
    <line>
      <![CDATA[Title Matched]]>
    </line>
    <line>
      <![CDATA[URL Matched]]>
    </line>
  </reporter-output>
  <suite name="Gmail" duration-ms="5461" started-at="2020-08-05T18:41:46 PDT" finished-at="2020-08-05T18:41:52 PDT">
    <groups>
    </groups>
    <test name="live" duration-ms="5461" started-at="2020-08-05T18:41:46 PDT" finished-at="2020-08-05T18:41:52 PDT">
      <class name="testPage.gmailTest">
        <test-method status="FAIL" signature="testRun()[pri:0, instance:testPage.gmailTest@887af79]" name="testRun" duration-ms="5402" started-at="2020-08-05T18:41:46 PDT" finished-at="2020-08-05T18:41:52 PDT">
          <exception class="java.lang.NullPointerException">
            <full-stacktrace>
              <![CDATA[java.lang.NullPointerException
at pages.loginInput.loginCredential(loginInput.java:12)
at testPage.gmailTest.testRun(gmailTest.java:22)
at sun.reflect.NativeMethodAccessorImpl.invoke0(Native Method)
at sun.reflect.NativeMethodAccessorImpl.invoke(NativeMethodAccessorImpl.java:62)
at sun.reflect.DelegatingMethodAccessorImpl.invoke(DelegatingMethodAccessorImpl.java:43)
at java.lang.reflect.Method.invoke(Method.java:498)
at org.testng.internal.MethodInvocationHelper.invokeMethod(MethodInvocationHelper.java:133)
at org.testng.internal.TestInvoker.invokeMethod(TestInvoker.java:584)
at org.testng.internal.TestInvoker.invokeTestMethod(TestInvoker.java:172)
at org.testng.internal.MethodRunner.runInSequence(MethodRunner.java:46)
at org.testng.internal.TestInvoker$MethodInvocationAgent.invoke(TestInvoker.java:804)
at org.testng.internal.TestInvoker.invokeTestMethods(TestInvoker.java:145)
at org.testng.internal.TestMethodWorker.invokeTestMethods(TestMethodWorker.java:146)
at org.testng.internal.TestMethodWorker.run(TestMethodWorker.java:128)
at java.util.ArrayList.forEach(ArrayList.java:1257)
at org.testng.TestRunner.privateRun(TestRunner.java:770)
at org.testng.TestRunner.run(TestRunner.java:591)
at org.testng.SuiteRunner.runTest(SuiteRunner.java:402)
at org.testng.SuiteRunner.runSequentially(SuiteRunner.java:396)
at org.testng.SuiteRunner.privateRun(SuiteRunner.java:355)
at org.testng.SuiteRunner.run(SuiteRunner.java:304)
at org.testng.SuiteRunnerWorker.runSuite(SuiteRunnerWorker.java:53)
at org.testng.SuiteRunnerWorker.run(SuiteRunnerWorker.java:96)
at org.testng.TestNG.runSuitesSequentially(TestNG.java:1180)
at org.testng.TestNG.runSuitesLocally(TestNG.java:1102)
at org.testng.TestNG.runSuites(TestNG.java:1032)
at org.testng.TestNG.run(TestNG.java:1000)
at org.testng.remote.AbstractRemoteTestNG.run(AbstractRemoteTestNG.java:115)
at org.testng.remote.RemoteTestNG.initAndRun(RemoteTestNG.java:251)
at org.testng.remote.RemoteTestNG.main(RemoteTestNG.java:77)
]]>
            </full-stacktrace>
          </exception> <!-- java.lang.NullPointerException -->
          <reporter-output>
            <line>
              <![CDATA[Chrome Browser Successfully Open]]>
            </line>
            <line>
              <![CDATA[Title Matched]]>
            </line>
            <line>
              <![CDATA[URL Matched]]>
            </line>
          </reporter-output>
        </test-method> <!-- testRun -->
      </class> <!-- testPage.gmailTest -->
    </test> <!-- live -->
  </suite> <!-- Gmail -->
</testng-results>
