<?xml version="1.0" encoding="UTF-8"?>
<!-- Generated by org.testng.reporters.JUnitXMLReporter -->
<testsuite hostname="DESKTOP-S9P2V8B" ignored="0" name="live" tests="1" failures="1" timestamp="2020-08-05T18:41:52 PDT" time="5.461" errors="0">
  <testcase name="testRun" time="5.402" classname="testPage.gmailTest">
    <failure type="java.lang.NullPointerException">
      <![CDATA[java.lang.NullPointerException
at pages.loginInput.loginCredential(loginInput.java:12)
at testPage.gmailTest.testRun(gmailTest.java:22)
at java.util.ArrayList.forEach(ArrayList.java:1257)
... Removed 27 stack frames]]>
    </failure>
  </testcase> <!-- testRun -->
</testsuite> <!-- live -->
